0) intreg 0 -1
1) IDENT 18 0
2) , 0 -1
3) IDENT 7 0
4) , 0 -1
5) IDENT 5 0
6) , 0 -1
7) IDENT 1 0
8) = 0 -1
9) CONST 2 0
10) ; 0 -1
11) citeste 0 -1
12) IDENT 18 0
13) ; 0 -1
14) merge 0 -1
15) ( 0 -1
16) IDENT 7 0
17) = 0 -1
18) CONST 2 0
19) ; 0 -1
20) IDENT 7 0
21) miq 0 -1
22) IDENT 18 0
23) ; 0 -1
24) IDENT 7 0
25) + 0 -1
26) + 0 -1
27) ) 0 -1
28) { 0 -1
29) citeste 0 -1
30) IDENT 5 0
31) ; 0 -1
32) IDENT 1 0
33) = 0 -1
34) IDENT 1 0
35) + 0 -1
36) IDENT 5 0
37) ; 0 -1
38) } 0 -1
39) afiseaza 0 -1
40) ( 0 -1
41) IDENT 1 0
42) ) 0 -1
43) ; 0 -1
